<?xml version="1.0" encoding="UTF-8"?>
<!-- Generated by org.testng.reporters.JUnitReportReporter -->
<testsuite skipped="0" hostname="DESKTOP-RLN1DMA" name="TestNG.TestNG.TestcaseFour" tests="1" failures="0" timestamp="23 Nov 2017 09:25:41 GMT" time="0.001" errors="0">
  <testcase name="testOne" time="0.001" classname="TestNG.TestNG.TestcaseFour"/>
</testsuite> <!-- TestNG.TestNG.TestcaseFour -->
