<?xml version="1.0" encoding="UTF-8"?>
<!-- Generated by org.testng.reporters.JUnitReportReporter -->
<testsuite skipped="0" hostname="DESKTOP-RLN1DMA" name="TestNG.TestNG.TestThree" tests="2" failures="0" timestamp="23 Nov 2017 10:41:50 GMT" time="0.031" errors="0">
  <testcase name="testTwo" time="0.015" classname="TestNG.TestNG.TestThree"/>
  <testcase name="testOne" time="0.016" classname="TestNG.TestNG.TestThree"/>
</testsuite> <!-- TestNG.TestNG.TestThree -->
