<?xml version="1.0" encoding="UTF-8"?>
<!-- Generated by org.testng.reporters.JUnitReportReporter -->
<testsuite skipped="0" hostname="DESKTOP-RLN1DMA" name="TestNG.TestNG.AppTest" tests="2" failures="0" timestamp="23 Nov 2017 05:33:14 GMT" time="0.012" errors="0">
  <testcase name="testOne" time="0.010" classname="TestNG.TestNG.AppTest"/>
  <testcase name="testTwo" time="0.002" classname="TestNG.TestNG.AppTest"/>
</testsuite> <!-- TestNG.TestNG.AppTest -->
