<?xml version="1.0" encoding="UTF-8"?>
<!-- Generated by org.testng.reporters.JUnitReportReporter -->
<testsuite skipped="0" hostname="DESKTOP-RLN1DMA" name="TestNG.TestNG.TestcaseThree" tests="2" failures="0" timestamp="27 Nov 2017 06:00:14 GMT" time="0.000" errors="0">
  <testcase name="testTwo" time="0.000" classname="TestNG.TestNG.TestcaseThree"/>
  <testcase name="testOne" time="0.000" classname="TestNG.TestNG.TestcaseThree"/>
</testsuite> <!-- TestNG.TestNG.TestcaseThree -->
