<?xml version="1.0" encoding="UTF-8"?>
<!-- Generated by org.testng.reporters.JUnitReportReporter -->
<testsuite skipped="0" hostname="DESKTOP-RLN1DMA" name="TestNG.TestNG.TestcaseOne" tests="3" failures="0" timestamp="27 Nov 2017 06:00:14 GMT" time="0.016" errors="0">
  <testcase name="testThree" time="0.000" classname="TestNG.TestNG.TestcaseOne"/>
  <testcase name="testTwo" time="0.016" classname="TestNG.TestNG.TestcaseOne"/>
  <testcase name="testOne" time="0.000" classname="TestNG.TestNG.TestcaseOne"/>
</testsuite> <!-- TestNG.TestNG.TestcaseOne -->
